<?xml version="1.0" encoding="UTF-8"?>
<!-- Generated by org.testng.reporters.JUnitReportReporter -->
<testsuite hostname="inlen8520080540" failures="0" tests="7" name="com.testRunner.Leave" time="316.689" errors="0" timestamp="2023-03-04T13:00:24 IST" skipped="0">
  <testcase classname="com.testRunner.Leave" name="runScenario" time="46.127"/>
  <system-out/>
  <testcase classname="com.testRunner.Leave" name="runScenario" time="49.810"/>
  <system-out/>
  <testcase classname="com.testRunner.Leave" name="runScenario" time="29.448"/>
  <system-out/>
  <testcase classname="com.testRunner.Leave" name="runScenario" time="43.378"/>
  <system-out/>
  <testcase classname="com.testRunner.Leave" name="runScenario" time="44.113"/>
  <system-out/>
  <testcase classname="com.testRunner.Leave" name="runScenario" time="51.909"/>
  <system-out/>
  <testcase classname="com.testRunner.Leave" name="runScenario" time="51.904"/>
  <system-out/>
</testsuite> <!-- com.testRunner.Leave -->
